The system is: Darwin - 10.0.0 - i386
Compiling the C compiler identification source file "CMakeCCompilerId.c" succeeded.
Compiler: /usr/bin/gcc 
Build flags: 
Id flags: 

The output was:
0


Compilation of the C compiler identification source "CMakeCCompilerId.c" produced "a.out"

The C compiler identification is GNU, found in "/Users/jlong/development/personal/cplusplus/gamesyn_api/build/CMakeFiles/CompilerIdC/a.out"

Compiling the CXX compiler identification source file "CMakeCXXCompilerId.cpp" succeeded.
Compiler: /usr/bin/g++ 
Build flags: 
Id flags: 

The output was:
0
CMakeCXXCompilerId.cpp:67: warning: deprecated conversion from string constant to ‘char*’
CMakeCXXCompilerId.cpp:157: warning: deprecated conversion from string constant to ‘char*’


Compilation of the CXX compiler identification source "CMakeCXXCompilerId.cpp" produced "a.out"

The CXX compiler identification is GNU, found in "/Users/jlong/development/personal/cplusplus/gamesyn_api/build/CMakeFiles/CompilerIdCXX/a.out"

Determining if the C compiler works passed with the following output:
Change Dir: /Users/jlong/development/personal/cplusplus/gamesyn_api/build/CMakeFiles/CMakeTmp

Run Build Command:/Applications/CMake\ 2.6-3.app/Contents/bin/cmakexbuild -project CMAKE_TRY_COMPILE.xcodeproj build -target cmTryCompileExec -configuration Debug

=== BUILD NATIVE TARGET cmTryCompileExec OF PROJECT CMAKE_TRY_COMPILE WITH CONFIGURATION Debug ===
Check dependencies
PhaseScriptExecution "CMake ReRun" CMAKE_TRY_COMPILE.build/Debug/cmTryCompileExec.build/Script-14F31E014F31E014F31E0000.sh
    cd /Users/jlong/development/personal/cplusplus/gamesyn_api/build/CMakeFiles/CMakeTmp
    /bin/sh -c /Users/jlong/development/personal/cplusplus/gamesyn_api/build/CMakeFiles/CMakeTmp/CMAKE_TRY_COMPILE.build/Debug/cmTryCompileExec.build/Script-14F31E014F31E014F31E0000.sh

make: `CMakeFiles/cmake.check_cache' is up to date.
CompileC CMAKE_TRY_COMPILE.build/Debug/cmTryCompileExec.build/Objects-normal/i386/testCCompiler.o testCCompiler.c normal i386 c com.apple.compilers.gcc.4_2
    cd /Users/jlong/development/personal/cplusplus/gamesyn_api/build/CMakeFiles/CMakeTmp
    /Developer/usr/bin/gcc-4.2 -x c -arch i386 -fmessage-length=0 -pipe -Wno-trigraphs -fpascal-strings -fasm-blocks -O0 -mdynamic-no-pic -DCMAKE_INTDIR="Debug" -gdwarf-2 -Wmost -Wno-four-char-constants -Wno-unknown-pragmas -F/Users/jlong/development/personal/cplusplus/gamesyn_api/build/CMakeFiles/CMakeTmp/Debug -I/Users/jlong/development/personal/cplusplus/gamesyn_api/build/CMakeFiles/CMakeTmp/Debug/include -I/Users/jlong/development/personal/cplusplus/gamesyn_api/build/CMakeFiles/CMakeTmp/CMAKE_TRY_COMPILE.build/Debug/cmTryCompileExec.build/DerivedSources/i386 -I/Users/jlong/development/personal/cplusplus/gamesyn_api/build/CMakeFiles/CMakeTmp/CMAKE_TRY_COMPILE.build/Debug/cmTryCompileExec.build/DerivedSources -c /Users/jlong/development/personal/cplusplus/gamesyn_api/build/CMakeFiles/CMakeTmp/testCCompiler.c -o /Users/jlong/development/personal/cplusplus/gamesyn_api/build/CMakeFiles/CMakeTmp/CMAKE_TRY_COMPILE.build/Debug/cmTryCompileExec.build/Objects-normal/i386/testCCompiler.o

Ld Debug/cmTryCompileExec normal i386
    cd /Users/jlong/development/personal/cplusplus/gamesyn_api/build/CMakeFiles/CMakeTmp
    /Developer/usr/bin/gcc-4.2 -arch i386 -L/Users/jlong/development/personal/cplusplus/gamesyn_api/build/CMakeFiles/CMakeTmp/Debug -F/Users/jlong/development/personal/cplusplus/gamesyn_api/build/CMakeFiles/CMakeTmp/Debug -filelist /Users/jlong/development/personal/cplusplus/gamesyn_api/build/CMakeFiles/CMakeTmp/CMAKE_TRY_COMPILE.build/Debug/cmTryCompileExec.build/Objects-normal/i386/cmTryCompileExec.LinkFileList -Wl,-search_paths_first -headerpad_max_install_names -o /Users/jlong/development/personal/cplusplus/gamesyn_api/build/CMakeFiles/CMakeTmp/Debug/cmTryCompileExec

PhaseScriptExecution "CMake PostBuild Rules" CMAKE_TRY_COMPILE.build/Debug/cmTryCompileExec.build/Script-14F3A0014F3A0014F3A00000.sh
    cd /Users/jlong/development/personal/cplusplus/gamesyn_api/build/CMakeFiles/CMakeTmp
    /bin/sh -c /Users/jlong/development/personal/cplusplus/gamesyn_api/build/CMakeFiles/CMakeTmp/CMAKE_TRY_COMPILE.build/Debug/cmTryCompileExec.build/Script-14F3A0014F3A0014F3A00000.sh

echo "Depend check for xcode"
Depend check for xcode
cd /Users/jlong/development/personal/cplusplus/gamesyn_api/build/CMakeFiles/CMakeTmp && make -C /Users/jlong/development/personal/cplusplus/gamesyn_api/build/CMakeFiles/CMakeTmp -f /Users/jlong/development/personal/cplusplus/gamesyn_api/build/CMakeFiles/CMakeTmp/CMakeScripts/XCODE_DEPEND_HELPER.make all.Debug
make[1]: Nothing to be done for `all.Debug'.
** BUILD SUCCEEDED **



Detecting C compiler ABI info compiled with the following output:
Change Dir: /Users/jlong/development/personal/cplusplus/gamesyn_api/build/CMakeFiles/CMakeTmp

Run Build Command:/Applications/CMake\ 2.6-3.app/Contents/bin/cmakexbuild -project CMAKE_TRY_COMPILE.xcodeproj build -target cmTryCompileExec -configuration Debug

=== BUILD NATIVE TARGET cmTryCompileExec OF PROJECT CMAKE_TRY_COMPILE WITH CONFIGURATION Debug ===
Check dependencies
PhaseScriptExecution "CMake ReRun" CMAKE_TRY_COMPILE.build/Debug/cmTryCompileExec.build/Script-14E1F9014E1F9014E1F90000.sh
    cd /Users/jlong/development/personal/cplusplus/gamesyn_api/build/CMakeFiles/CMakeTmp
    /bin/sh -c /Users/jlong/development/personal/cplusplus/gamesyn_api/build/CMakeFiles/CMakeTmp/CMAKE_TRY_COMPILE.build/Debug/cmTryCompileExec.build/Script-14E1F9014E1F9014E1F90000.sh

make: `CMakeFiles/cmake.check_cache' is up to date.
CompileC CMAKE_TRY_COMPILE.build/Debug/cmTryCompileExec.build/Objects-normal/i386/CMakeCCompilerABI.o "/Applications/CMake 2.6-3.app/Contents/share/cmake-2.6/Modules/CMakeCCompilerABI.c" normal i386 c com.apple.compilers.gcc.4_2
    cd /Users/jlong/development/personal/cplusplus/gamesyn_api/build/CMakeFiles/CMakeTmp
    /Developer/usr/bin/gcc-4.2 -x c -arch i386 -fmessage-length=0 -pipe -Wno-trigraphs -fpascal-strings -fasm-blocks -O0 -mdynamic-no-pic -DCMAKE_INTDIR="Debug" -gdwarf-2 -Wmost -Wno-four-char-constants -Wno-unknown-pragmas -F/Users/jlong/development/personal/cplusplus/gamesyn_api/build/CMakeFiles/CMakeTmp/Debug -I/Users/jlong/development/personal/cplusplus/gamesyn_api/build/CMakeFiles/CMakeTmp/Debug/include -I/Users/jlong/development/personal/cplusplus/gamesyn_api/build/CMakeFiles/CMakeTmp/CMAKE_TRY_COMPILE.build/Debug/cmTryCompileExec.build/DerivedSources/i386 -I/Users/jlong/development/personal/cplusplus/gamesyn_api/build/CMakeFiles/CMakeTmp/CMAKE_TRY_COMPILE.build/Debug/cmTryCompileExec.build/DerivedSources -c "/Applications/CMake 2.6-3.app/Contents/share/cmake-2.6/Modules/CMakeCCompilerABI.c" -o /Users/jlong/development/personal/cplusplus/gamesyn_api/build/CMakeFiles/CMakeTmp/CMAKE_TRY_COMPILE.build/Debug/cmTryCompileExec.build/Objects-normal/i386/CMakeCCompilerABI.o

Ld Debug/cmTryCompileExec normal i386
    cd /Users/jlong/development/personal/cplusplus/gamesyn_api/build/CMakeFiles/CMakeTmp
    /Developer/usr/bin/gcc-4.2 -arch i386 -L/Users/jlong/development/personal/cplusplus/gamesyn_api/build/CMakeFiles/CMakeTmp/Debug -F/Users/jlong/development/personal/cplusplus/gamesyn_api/build/CMakeFiles/CMakeTmp/Debug -filelist /Users/jlong/development/personal/cplusplus/gamesyn_api/build/CMakeFiles/CMakeTmp/CMAKE_TRY_COMPILE.build/Debug/cmTryCompileExec.build/Objects-normal/i386/cmTryCompileExec.LinkFileList -Wl,-search_paths_first -headerpad_max_install_names -o /Users/jlong/development/personal/cplusplus/gamesyn_api/build/CMakeFiles/CMakeTmp/Debug/cmTryCompileExec

PhaseScriptExecution "CMake PostBuild Rules" CMAKE_TRY_COMPILE.build/Debug/cmTryCompileExec.build/Script-14E272014E272014E2720000.sh
    cd /Users/jlong/development/personal/cplusplus/gamesyn_api/build/CMakeFiles/CMakeTmp
    /bin/sh -c /Users/jlong/development/personal/cplusplus/gamesyn_api/build/CMakeFiles/CMakeTmp/CMAKE_TRY_COMPILE.build/Debug/cmTryCompileExec.build/Script-14E272014E272014E2720000.sh

echo "Depend check for xcode"
Depend check for xcode
cd /Users/jlong/development/personal/cplusplus/gamesyn_api/build/CMakeFiles/CMakeTmp && make -C /Users/jlong/development/personal/cplusplus/gamesyn_api/build/CMakeFiles/CMakeTmp -f /Users/jlong/development/personal/cplusplus/gamesyn_api/build/CMakeFiles/CMakeTmp/CMakeScripts/XCODE_DEPEND_HELPER.make all.Debug
make[1]: Nothing to be done for `all.Debug'.
** BUILD SUCCEEDED **



Determining if the CXX compiler works passed with the following output:
Change Dir: /Users/jlong/development/personal/cplusplus/gamesyn_api/build/CMakeFiles/CMakeTmp

Run Build Command:/Applications/CMake\ 2.6-3.app/Contents/bin/cmakexbuild -project CMAKE_TRY_COMPILE.xcodeproj build -target cmTryCompileExec -configuration Debug

=== BUILD NATIVE TARGET cmTryCompileExec OF PROJECT CMAKE_TRY_COMPILE WITH CONFIGURATION Debug ===
Check dependencies
PhaseScriptExecution "CMake ReRun" CMAKE_TRY_COMPILE.build/Debug/cmTryCompileExec.build/Script-14D88B014D88B014D88B0000.sh
    cd /Users/jlong/development/personal/cplusplus/gamesyn_api/build/CMakeFiles/CMakeTmp
    /bin/sh -c /Users/jlong/development/personal/cplusplus/gamesyn_api/build/CMakeFiles/CMakeTmp/CMAKE_TRY_COMPILE.build/Debug/cmTryCompileExec.build/Script-14D88B014D88B014D88B0000.sh

make: `CMakeFiles/cmake.check_cache' is up to date.
CompileC CMAKE_TRY_COMPILE.build/Debug/cmTryCompileExec.build/Objects-normal/i386/testCXXCompiler.o testCXXCompiler.cxx normal i386 c++ com.apple.compilers.gcc.4_2
    cd /Users/jlong/development/personal/cplusplus/gamesyn_api/build/CMakeFiles/CMakeTmp
    /Developer/usr/bin/gcc-4.2 -x c++ -arch i386 -fmessage-length=0 -pipe -Wno-trigraphs -fpascal-strings -fasm-blocks -O0 -mdynamic-no-pic -DCMAKE_INTDIR="Debug" -gdwarf-2 -Wmost -Wno-four-char-constants -Wno-unknown-pragmas -F/Users/jlong/development/personal/cplusplus/gamesyn_api/build/CMakeFiles/CMakeTmp/Debug -I/Users/jlong/development/personal/cplusplus/gamesyn_api/build/CMakeFiles/CMakeTmp/Debug/include -I/Users/jlong/development/personal/cplusplus/gamesyn_api/build/CMakeFiles/CMakeTmp/CMAKE_TRY_COMPILE.build/Debug/cmTryCompileExec.build/DerivedSources/i386 -I/Users/jlong/development/personal/cplusplus/gamesyn_api/build/CMakeFiles/CMakeTmp/CMAKE_TRY_COMPILE.build/Debug/cmTryCompileExec.build/DerivedSources -c /Users/jlong/development/personal/cplusplus/gamesyn_api/build/CMakeFiles/CMakeTmp/testCXXCompiler.cxx -o /Users/jlong/development/personal/cplusplus/gamesyn_api/build/CMakeFiles/CMakeTmp/CMAKE_TRY_COMPILE.build/Debug/cmTryCompileExec.build/Objects-normal/i386/testCXXCompiler.o

Ld Debug/cmTryCompileExec normal i386
    cd /Users/jlong/development/personal/cplusplus/gamesyn_api/build/CMakeFiles/CMakeTmp
    /Developer/usr/bin/g++-4.2 -arch i386 -L/Users/jlong/development/personal/cplusplus/gamesyn_api/build/CMakeFiles/CMakeTmp/Debug -F/Users/jlong/development/personal/cplusplus/gamesyn_api/build/CMakeFiles/CMakeTmp/Debug -filelist /Users/jlong/development/personal/cplusplus/gamesyn_api/build/CMakeFiles/CMakeTmp/CMAKE_TRY_COMPILE.build/Debug/cmTryCompileExec.build/Objects-normal/i386/cmTryCompileExec.LinkFileList -Wl,-search_paths_first -headerpad_max_install_names -o /Users/jlong/development/personal/cplusplus/gamesyn_api/build/CMakeFiles/CMakeTmp/Debug/cmTryCompileExec

PhaseScriptExecution "CMake PostBuild Rules" CMAKE_TRY_COMPILE.build/Debug/cmTryCompileExec.build/Script-14D9EE014D9EE014D9EE0000.sh
    cd /Users/jlong/development/personal/cplusplus/gamesyn_api/build/CMakeFiles/CMakeTmp
    /bin/sh -c /Users/jlong/development/personal/cplusplus/gamesyn_api/build/CMakeFiles/CMakeTmp/CMAKE_TRY_COMPILE.build/Debug/cmTryCompileExec.build/Script-14D9EE014D9EE014D9EE0000.sh

echo "Depend check for xcode"
Depend check for xcode
cd /Users/jlong/development/personal/cplusplus/gamesyn_api/build/CMakeFiles/CMakeTmp && make -C /Users/jlong/development/personal/cplusplus/gamesyn_api/build/CMakeFiles/CMakeTmp -f /Users/jlong/development/personal/cplusplus/gamesyn_api/build/CMakeFiles/CMakeTmp/CMakeScripts/XCODE_DEPEND_HELPER.make all.Debug
make[1]: Nothing to be done for `all.Debug'.
** BUILD SUCCEEDED **



Detecting CXX compiler ABI info compiled with the following output:
Change Dir: /Users/jlong/development/personal/cplusplus/gamesyn_api/build/CMakeFiles/CMakeTmp

Run Build Command:/Applications/CMake\ 2.6-3.app/Contents/bin/cmakexbuild -project CMAKE_TRY_COMPILE.xcodeproj build -target cmTryCompileExec -configuration Debug

=== BUILD NATIVE TARGET cmTryCompileExec OF PROJECT CMAKE_TRY_COMPILE WITH CONFIGURATION Debug ===
Check dependencies
PhaseScriptExecution "CMake ReRun" CMAKE_TRY_COMPILE.build/Debug/cmTryCompileExec.build/Script-1281F901281F901281F90000.sh
    cd /Users/jlong/development/personal/cplusplus/gamesyn_api/build/CMakeFiles/CMakeTmp
    /bin/sh -c /Users/jlong/development/personal/cplusplus/gamesyn_api/build/CMakeFiles/CMakeTmp/CMAKE_TRY_COMPILE.build/Debug/cmTryCompileExec.build/Script-1281F901281F901281F90000.sh

make: `CMakeFiles/cmake.check_cache' is up to date.
CompileC CMAKE_TRY_COMPILE.build/Debug/cmTryCompileExec.build/Objects-normal/i386/CMakeCXXCompilerABI.o "/Applications/CMake 2.6-3.app/Contents/share/cmake-2.6/Modules/CMakeCXXCompilerABI.cpp" normal i386 c++ com.apple.compilers.gcc.4_2
    cd /Users/jlong/development/personal/cplusplus/gamesyn_api/build/CMakeFiles/CMakeTmp
    /Developer/usr/bin/gcc-4.2 -x c++ -arch i386 -fmessage-length=0 -pipe -Wno-trigraphs -fpascal-strings -fasm-blocks -O0 -mdynamic-no-pic -DCMAKE_INTDIR="Debug" -gdwarf-2 -Wmost -Wno-four-char-constants -Wno-unknown-pragmas -F/Users/jlong/development/personal/cplusplus/gamesyn_api/build/CMakeFiles/CMakeTmp/Debug -I/Users/jlong/development/personal/cplusplus/gamesyn_api/build/CMakeFiles/CMakeTmp/Debug/include -I/Users/jlong/development/personal/cplusplus/gamesyn_api/build/CMakeFiles/CMakeTmp/CMAKE_TRY_COMPILE.build/Debug/cmTryCompileExec.build/DerivedSources/i386 -I/Users/jlong/development/personal/cplusplus/gamesyn_api/build/CMakeFiles/CMakeTmp/CMAKE_TRY_COMPILE.build/Debug/cmTryCompileExec.build/DerivedSources -c "/Applications/CMake 2.6-3.app/Contents/share/cmake-2.6/Modules/CMakeCXXCompilerABI.cpp" -o /Users/jlong/development/personal/cplusplus/gamesyn_api/build/CMakeFiles/CMakeTmp/CMAKE_TRY_COMPILE.build/Debug/cmTryCompileExec.build/Objects-normal/i386/CMakeCXXCompilerABI.o

Ld Debug/cmTryCompileExec normal i386
    cd /Users/jlong/development/personal/cplusplus/gamesyn_api/build/CMakeFiles/CMakeTmp
    /Developer/usr/bin/g++-4.2 -arch i386 -L/Users/jlong/development/personal/cplusplus/gamesyn_api/build/CMakeFiles/CMakeTmp/Debug -F/Users/jlong/development/personal/cplusplus/gamesyn_api/build/CMakeFiles/CMakeTmp/Debug -filelist /Users/jlong/development/personal/cplusplus/gamesyn_api/build/CMakeFiles/CMakeTmp/CMAKE_TRY_COMPILE.build/Debug/cmTryCompileExec.build/Objects-normal/i386/cmTryCompileExec.LinkFileList -Wl,-search_paths_first -headerpad_max_install_names -o /Users/jlong/development/personal/cplusplus/gamesyn_api/build/CMakeFiles/CMakeTmp/Debug/cmTryCompileExec

PhaseScriptExecution "CMake PostBuild Rules" CMAKE_TRY_COMPILE.build/Debug/cmTryCompileExec.build/Script-1292EC01292EC01292EC0000.sh
    cd /Users/jlong/development/personal/cplusplus/gamesyn_api/build/CMakeFiles/CMakeTmp
    /bin/sh -c /Users/jlong/development/personal/cplusplus/gamesyn_api/build/CMakeFiles/CMakeTmp/CMAKE_TRY_COMPILE.build/Debug/cmTryCompileExec.build/Script-1292EC01292EC01292EC0000.sh

echo "Depend check for xcode"
Depend check for xcode
cd /Users/jlong/development/personal/cplusplus/gamesyn_api/build/CMakeFiles/CMakeTmp && make -C /Users/jlong/development/personal/cplusplus/gamesyn_api/build/CMakeFiles/CMakeTmp -f /Users/jlong/development/personal/cplusplus/gamesyn_api/build/CMakeFiles/CMakeTmp/CMakeScripts/XCODE_DEPEND_HELPER.make all.Debug
make[1]: Nothing to be done for `all.Debug'.
** BUILD SUCCEEDED **



Performing C++ SOURCE FILE Test GameSyn_GCC_VISIBILITY succeded with the following output:
Change Dir: /Users/jlong/development/personal/cplusplus/gamesyn_api/build/CMakeFiles/CMakeTmp

Run Build Command:/Applications/CMake\ 2.6-3.app/Contents/bin/cmakexbuild -project CMAKE_TRY_COMPILE.xcodeproj build -target cmTryCompileExec -configuration Debug

=== BUILD NATIVE TARGET cmTryCompileExec OF PROJECT CMAKE_TRY_COMPILE WITH CONFIGURATION Debug ===
Check dependencies
PhaseScriptExecution "CMake ReRun" CMAKE_TRY_COMPILE.build/Debug/cmTryCompileExec.build/Script-14E39B014E39B014E39B0000.sh
    cd /Users/jlong/development/personal/cplusplus/gamesyn_api/build/CMakeFiles/CMakeTmp
    /bin/sh -c /Users/jlong/development/personal/cplusplus/gamesyn_api/build/CMakeFiles/CMakeTmp/CMAKE_TRY_COMPILE.build/Debug/cmTryCompileExec.build/Script-14E39B014E39B014E39B0000.sh

make: `CMakeFiles/cmake.check_cache' is up to date.
CompileC CMAKE_TRY_COMPILE.build/Debug/cmTryCompileExec.build/Objects-normal/i386/src.o src.cxx normal i386 c++ com.apple.compilers.gcc.4_2
    cd /Users/jlong/development/personal/cplusplus/gamesyn_api/build/CMakeFiles/CMakeTmp
    /Developer/usr/bin/gcc-4.2 -x c++ -arch i386 -fmessage-length=0 -pipe -Wno-trigraphs -fpascal-strings -fasm-blocks -O0 -mdynamic-no-pic -DCMAKE_INTDIR="Debug" -gdwarf-2 -Wmost -Wno-four-char-constants -Wno-unknown-pragmas -F/Users/jlong/development/personal/cplusplus/gamesyn_api/build/CMakeFiles/CMakeTmp/Debug -I/Users/jlong/development/personal/cplusplus/gamesyn_api/build/CMakeFiles/CMakeTmp/Debug/include -I/Users/jlong/development/personal/cplusplus/gamesyn_api/build/CMakeFiles/CMakeTmp/CMAKE_TRY_COMPILE.build/Debug/cmTryCompileExec.build/DerivedSources/i386 -I/Users/jlong/development/personal/cplusplus/gamesyn_api/build/CMakeFiles/CMakeTmp/CMAKE_TRY_COMPILE.build/Debug/cmTryCompileExec.build/DerivedSources -DGameSyn_GCC_VISIBILITY -fvisibility=hidden -c /Users/jlong/development/personal/cplusplus/gamesyn_api/build/CMakeFiles/CMakeTmp/src.cxx -o /Users/jlong/development/personal/cplusplus/gamesyn_api/build/CMakeFiles/CMakeTmp/CMAKE_TRY_COMPILE.build/Debug/cmTryCompileExec.build/Objects-normal/i386/src.o

Ld Debug/cmTryCompileExec normal i386
    cd /Users/jlong/development/personal/cplusplus/gamesyn_api/build/CMakeFiles/CMakeTmp
    /Developer/usr/bin/g++-4.2 -arch i386 -L/Users/jlong/development/personal/cplusplus/gamesyn_api/build/CMakeFiles/CMakeTmp/Debug -F/Users/jlong/development/personal/cplusplus/gamesyn_api/build/CMakeFiles/CMakeTmp/Debug -filelist /Users/jlong/development/personal/cplusplus/gamesyn_api/build/CMakeFiles/CMakeTmp/CMAKE_TRY_COMPILE.build/Debug/cmTryCompileExec.build/Objects-normal/i386/cmTryCompileExec.LinkFileList -Wl,-search_paths_first -headerpad_max_install_names -o /Users/jlong/development/personal/cplusplus/gamesyn_api/build/CMakeFiles/CMakeTmp/Debug/cmTryCompileExec

PhaseScriptExecution "CMake PostBuild Rules" CMAKE_TRY_COMPILE.build/Debug/cmTryCompileExec.build/Script-14E41A014E41A014E41A0000.sh
    cd /Users/jlong/development/personal/cplusplus/gamesyn_api/build/CMakeFiles/CMakeTmp
    /bin/sh -c /Users/jlong/development/personal/cplusplus/gamesyn_api/build/CMakeFiles/CMakeTmp/CMAKE_TRY_COMPILE.build/Debug/cmTryCompileExec.build/Script-14E41A014E41A014E41A0000.sh

echo "Depend check for xcode"
Depend check for xcode
cd /Users/jlong/development/personal/cplusplus/gamesyn_api/build/CMakeFiles/CMakeTmp && make -C /Users/jlong/development/personal/cplusplus/gamesyn_api/build/CMakeFiles/CMakeTmp -f /Users/jlong/development/personal/cplusplus/gamesyn_api/build/CMakeFiles/CMakeTmp/CMakeScripts/XCODE_DEPEND_HELPER.make all.Debug
make[1]: Nothing to be done for `all.Debug'.
** BUILD SUCCEEDED **


Source file was:
int main() { return 0;}
Determining if the include file sys/types.h exists passed with the following output:
Change Dir: /Users/jlong/development/personal/cplusplus/gamesyn_api/build/CMakeFiles/CMakeTmp

Run Build Command:/Applications/CMake\ 2.6-3.app/Contents/bin/cmakexbuild -project CMAKE_TRY_COMPILE.xcodeproj build -target cmTryCompileExec -configuration Debug

=== BUILD NATIVE TARGET cmTryCompileExec OF PROJECT CMAKE_TRY_COMPILE WITH CONFIGURATION Debug ===
Check dependencies
PhaseScriptExecution "CMake ReRun" CMAKE_TRY_COMPILE.build/Debug/cmTryCompileExec.build/Script-12A9B8012A9B8012A9B80000.sh
    cd /Users/jlong/development/personal/cplusplus/gamesyn_api/build/CMakeFiles/CMakeTmp
    /bin/sh -c /Users/jlong/development/personal/cplusplus/gamesyn_api/build/CMakeFiles/CMakeTmp/CMAKE_TRY_COMPILE.build/Debug/cmTryCompileExec.build/Script-12A9B8012A9B8012A9B80000.sh

make: `CMakeFiles/cmake.check_cache' is up to date.
CompileC CMAKE_TRY_COMPILE.build/Debug/cmTryCompileExec.build/Objects-normal/i386/CheckIncludeFile.o CheckIncludeFile.c normal i386 c com.apple.compilers.gcc.4_2
    cd /Users/jlong/development/personal/cplusplus/gamesyn_api/build/CMakeFiles/CMakeTmp
    /Developer/usr/bin/gcc-4.2 -x c -arch i386 -fmessage-length=0 -pipe -Wno-trigraphs -fpascal-strings -fasm-blocks -O0 -mdynamic-no-pic -DCMAKE_INTDIR="Debug" -gdwarf-2 -Wmost -Wno-four-char-constants -Wno-unknown-pragmas -F/Users/jlong/development/personal/cplusplus/gamesyn_api/build/CMakeFiles/CMakeTmp/Debug -I/Users/jlong/development/personal/cplusplus/gamesyn_api/build/CMakeFiles/CMakeTmp/Debug/include -I/Users/jlong/development/personal/cplusplus/gamesyn_api/build/CMakeFiles/CMakeTmp/CMAKE_TRY_COMPILE.build/Debug/cmTryCompileExec.build/DerivedSources/i386 -I/Users/jlong/development/personal/cplusplus/gamesyn_api/build/CMakeFiles/CMakeTmp/CMAKE_TRY_COMPILE.build/Debug/cmTryCompileExec.build/DerivedSources -c /Users/jlong/development/personal/cplusplus/gamesyn_api/build/CMakeFiles/CMakeTmp/CheckIncludeFile.c -o /Users/jlong/development/personal/cplusplus/gamesyn_api/build/CMakeFiles/CMakeTmp/CMAKE_TRY_COMPILE.build/Debug/cmTryCompileExec.build/Objects-normal/i386/CheckIncludeFile.o

Ld Debug/cmTryCompileExec normal i386
    cd /Users/jlong/development/personal/cplusplus/gamesyn_api/build/CMakeFiles/CMakeTmp
    /Developer/usr/bin/gcc-4.2 -arch i386 -L/Users/jlong/development/personal/cplusplus/gamesyn_api/build/CMakeFiles/CMakeTmp/Debug -F/Users/jlong/development/personal/cplusplus/gamesyn_api/build/CMakeFiles/CMakeTmp/Debug -filelist /Users/jlong/development/personal/cplusplus/gamesyn_api/build/CMakeFiles/CMakeTmp/CMAKE_TRY_COMPILE.build/Debug/cmTryCompileExec.build/Objects-normal/i386/cmTryCompileExec.LinkFileList -Wl,-search_paths_first -headerpad_max_install_names -o /Users/jlong/development/personal/cplusplus/gamesyn_api/build/CMakeFiles/CMakeTmp/Debug/cmTryCompileExec

PhaseScriptExecution "CMake PostBuild Rules" CMAKE_TRY_COMPILE.build/Debug/cmTryCompileExec.build/Script-12AA3A012AA3A012AA3A0000.sh
    cd /Users/jlong/development/personal/cplusplus/gamesyn_api/build/CMakeFiles/CMakeTmp
    /bin/sh -c /Users/jlong/development/personal/cplusplus/gamesyn_api/build/CMakeFiles/CMakeTmp/CMAKE_TRY_COMPILE.build/Debug/cmTryCompileExec.build/Script-12AA3A012AA3A012AA3A0000.sh

echo "Depend check for xcode"
Depend check for xcode
cd /Users/jlong/development/personal/cplusplus/gamesyn_api/build/CMakeFiles/CMakeTmp && make -C /Users/jlong/development/personal/cplusplus/gamesyn_api/build/CMakeFiles/CMakeTmp -f /Users/jlong/development/personal/cplusplus/gamesyn_api/build/CMakeFiles/CMakeTmp/CMakeScripts/XCODE_DEPEND_HELPER.make all.Debug
make[1]: Nothing to be done for `all.Debug'.
** BUILD SUCCEEDED **



Determining if the include file stdint.h exists passed with the following output:
Change Dir: /Users/jlong/development/personal/cplusplus/gamesyn_api/build/CMakeFiles/CMakeTmp

Run Build Command:/Applications/CMake\ 2.6-3.app/Contents/bin/cmakexbuild -project CMAKE_TRY_COMPILE.xcodeproj build -target cmTryCompileExec -configuration Debug

=== BUILD NATIVE TARGET cmTryCompileExec OF PROJECT CMAKE_TRY_COMPILE WITH CONFIGURATION Debug ===
Check dependencies
PhaseScriptExecution "CMake ReRun" CMAKE_TRY_COMPILE.build/Debug/cmTryCompileExec.build/Script-12D8C6012D8C6012D8C60000.sh
    cd /Users/jlong/development/personal/cplusplus/gamesyn_api/build/CMakeFiles/CMakeTmp
    /bin/sh -c /Users/jlong/development/personal/cplusplus/gamesyn_api/build/CMakeFiles/CMakeTmp/CMAKE_TRY_COMPILE.build/Debug/cmTryCompileExec.build/Script-12D8C6012D8C6012D8C60000.sh

make: `CMakeFiles/cmake.check_cache' is up to date.
CompileC CMAKE_TRY_COMPILE.build/Debug/cmTryCompileExec.build/Objects-normal/i386/CheckIncludeFile.o CheckIncludeFile.c normal i386 c com.apple.compilers.gcc.4_2
    cd /Users/jlong/development/personal/cplusplus/gamesyn_api/build/CMakeFiles/CMakeTmp
    /Developer/usr/bin/gcc-4.2 -x c -arch i386 -fmessage-length=0 -pipe -Wno-trigraphs -fpascal-strings -fasm-blocks -O0 -mdynamic-no-pic -DCMAKE_INTDIR="Debug" -gdwarf-2 -Wmost -Wno-four-char-constants -Wno-unknown-pragmas -F/Users/jlong/development/personal/cplusplus/gamesyn_api/build/CMakeFiles/CMakeTmp/Debug -I/Users/jlong/development/personal/cplusplus/gamesyn_api/build/CMakeFiles/CMakeTmp/Debug/include -I/Users/jlong/development/personal/cplusplus/gamesyn_api/build/CMakeFiles/CMakeTmp/CMAKE_TRY_COMPILE.build/Debug/cmTryCompileExec.build/DerivedSources/i386 -I/Users/jlong/development/personal/cplusplus/gamesyn_api/build/CMakeFiles/CMakeTmp/CMAKE_TRY_COMPILE.build/Debug/cmTryCompileExec.build/DerivedSources -c /Users/jlong/development/personal/cplusplus/gamesyn_api/build/CMakeFiles/CMakeTmp/CheckIncludeFile.c -o /Users/jlong/development/personal/cplusplus/gamesyn_api/build/CMakeFiles/CMakeTmp/CMAKE_TRY_COMPILE.build/Debug/cmTryCompileExec.build/Objects-normal/i386/CheckIncludeFile.o

Ld Debug/cmTryCompileExec normal i386
    cd /Users/jlong/development/personal/cplusplus/gamesyn_api/build/CMakeFiles/CMakeTmp
    /Developer/usr/bin/gcc-4.2 -arch i386 -L/Users/jlong/development/personal/cplusplus/gamesyn_api/build/CMakeFiles/CMakeTmp/Debug -F/Users/jlong/development/personal/cplusplus/gamesyn_api/build/CMakeFiles/CMakeTmp/Debug -filelist /Users/jlong/development/personal/cplusplus/gamesyn_api/build/CMakeFiles/CMakeTmp/CMAKE_TRY_COMPILE.build/Debug/cmTryCompileExec.build/Objects-normal/i386/cmTryCompileExec.LinkFileList -Wl,-search_paths_first -headerpad_max_install_names -o /Users/jlong/development/personal/cplusplus/gamesyn_api/build/CMakeFiles/CMakeTmp/Debug/cmTryCompileExec

PhaseScriptExecution "CMake PostBuild Rules" CMAKE_TRY_COMPILE.build/Debug/cmTryCompileExec.build/Script-12D923012D923012D9230000.sh
    cd /Users/jlong/development/personal/cplusplus/gamesyn_api/build/CMakeFiles/CMakeTmp
    /bin/sh -c /Users/jlong/development/personal/cplusplus/gamesyn_api/build/CMakeFiles/CMakeTmp/CMAKE_TRY_COMPILE.build/Debug/cmTryCompileExec.build/Script-12D923012D923012D9230000.sh

echo "Depend check for xcode"
Depend check for xcode
cd /Users/jlong/development/personal/cplusplus/gamesyn_api/build/CMakeFiles/CMakeTmp && make -C /Users/jlong/development/personal/cplusplus/gamesyn_api/build/CMakeFiles/CMakeTmp -f /Users/jlong/development/personal/cplusplus/gamesyn_api/build/CMakeFiles/CMakeTmp/CMakeScripts/XCODE_DEPEND_HELPER.make all.Debug
make[1]: Nothing to be done for `all.Debug'.
** BUILD SUCCEEDED **



Determining if the include file stddef.h exists passed with the following output:
Change Dir: /Users/jlong/development/personal/cplusplus/gamesyn_api/build/CMakeFiles/CMakeTmp

Run Build Command:/Applications/CMake\ 2.6-3.app/Contents/bin/cmakexbuild -project CMAKE_TRY_COMPILE.xcodeproj build -target cmTryCompileExec -configuration Debug

=== BUILD NATIVE TARGET cmTryCompileExec OF PROJECT CMAKE_TRY_COMPILE WITH CONFIGURATION Debug ===
Check dependencies
PhaseScriptExecution "CMake ReRun" CMAKE_TRY_COMPILE.build/Debug/cmTryCompileExec.build/Script-14D71F014D71F014D71F0000.sh
    cd /Users/jlong/development/personal/cplusplus/gamesyn_api/build/CMakeFiles/CMakeTmp
    /bin/sh -c /Users/jlong/development/personal/cplusplus/gamesyn_api/build/CMakeFiles/CMakeTmp/CMAKE_TRY_COMPILE.build/Debug/cmTryCompileExec.build/Script-14D71F014D71F014D71F0000.sh

make: `CMakeFiles/cmake.check_cache' is up to date.
CompileC CMAKE_TRY_COMPILE.build/Debug/cmTryCompileExec.build/Objects-normal/i386/CheckIncludeFile.o CheckIncludeFile.c normal i386 c com.apple.compilers.gcc.4_2
    cd /Users/jlong/development/personal/cplusplus/gamesyn_api/build/CMakeFiles/CMakeTmp
    /Developer/usr/bin/gcc-4.2 -x c -arch i386 -fmessage-length=0 -pipe -Wno-trigraphs -fpascal-strings -fasm-blocks -O0 -mdynamic-no-pic -DCMAKE_INTDIR="Debug" -gdwarf-2 -Wmost -Wno-four-char-constants -Wno-unknown-pragmas -F/Users/jlong/development/personal/cplusplus/gamesyn_api/build/CMakeFiles/CMakeTmp/Debug -I/Users/jlong/development/personal/cplusplus/gamesyn_api/build/CMakeFiles/CMakeTmp/Debug/include -I/Users/jlong/development/personal/cplusplus/gamesyn_api/build/CMakeFiles/CMakeTmp/CMAKE_TRY_COMPILE.build/Debug/cmTryCompileExec.build/DerivedSources/i386 -I/Users/jlong/development/personal/cplusplus/gamesyn_api/build/CMakeFiles/CMakeTmp/CMAKE_TRY_COMPILE.build/Debug/cmTryCompileExec.build/DerivedSources -c /Users/jlong/development/personal/cplusplus/gamesyn_api/build/CMakeFiles/CMakeTmp/CheckIncludeFile.c -o /Users/jlong/development/personal/cplusplus/gamesyn_api/build/CMakeFiles/CMakeTmp/CMAKE_TRY_COMPILE.build/Debug/cmTryCompileExec.build/Objects-normal/i386/CheckIncludeFile.o

Ld Debug/cmTryCompileExec normal i386
    cd /Users/jlong/development/personal/cplusplus/gamesyn_api/build/CMakeFiles/CMakeTmp
    /Developer/usr/bin/gcc-4.2 -arch i386 -L/Users/jlong/development/personal/cplusplus/gamesyn_api/build/CMakeFiles/CMakeTmp/Debug -F/Users/jlong/development/personal/cplusplus/gamesyn_api/build/CMakeFiles/CMakeTmp/Debug -filelist /Users/jlong/development/personal/cplusplus/gamesyn_api/build/CMakeFiles/CMakeTmp/CMAKE_TRY_COMPILE.build/Debug/cmTryCompileExec.build/Objects-normal/i386/cmTryCompileExec.LinkFileList -Wl,-search_paths_first -headerpad_max_install_names -o /Users/jlong/development/personal/cplusplus/gamesyn_api/build/CMakeFiles/CMakeTmp/Debug/cmTryCompileExec

PhaseScriptExecution "CMake PostBuild Rules" CMAKE_TRY_COMPILE.build/Debug/cmTryCompileExec.build/Script-14D7A1014D7A1014D7A10000.sh
    cd /Users/jlong/development/personal/cplusplus/gamesyn_api/build/CMakeFiles/CMakeTmp
    /bin/sh -c /Users/jlong/development/personal/cplusplus/gamesyn_api/build/CMakeFiles/CMakeTmp/CMAKE_TRY_COMPILE.build/Debug/cmTryCompileExec.build/Script-14D7A1014D7A1014D7A10000.sh

echo "Depend check for xcode"
Depend check for xcode
cd /Users/jlong/development/personal/cplusplus/gamesyn_api/build/CMakeFiles/CMakeTmp && make -C /Users/jlong/development/personal/cplusplus/gamesyn_api/build/CMakeFiles/CMakeTmp -f /Users/jlong/development/personal/cplusplus/gamesyn_api/build/CMakeFiles/CMakeTmp/CMakeScripts/XCODE_DEPEND_HELPER.make all.Debug
make[1]: Nothing to be done for `all.Debug'.
** BUILD SUCCEEDED **



Determining size of unsigned short passed with the following output:
Change Dir: /Users/jlong/development/personal/cplusplus/gamesyn_api/build/CMakeFiles/CMakeTmp

Run Build Command:/Applications/CMake\ 2.6-3.app/Contents/bin/cmakexbuild -project CMAKE_TRY_COMPILE.xcodeproj build -target cmTryCompileExec -configuration Debug

=== BUILD NATIVE TARGET cmTryCompileExec OF PROJECT CMAKE_TRY_COMPILE WITH CONFIGURATION Debug ===
Check dependencies
PhaseScriptExecution "CMake ReRun" CMAKE_TRY_COMPILE.build/Debug/cmTryCompileExec.build/Script-14DEA1014DEA1014DEA10000.sh
    cd /Users/jlong/development/personal/cplusplus/gamesyn_api/build/CMakeFiles/CMakeTmp
    /bin/sh -c /Users/jlong/development/personal/cplusplus/gamesyn_api/build/CMakeFiles/CMakeTmp/CMAKE_TRY_COMPILE.build/Debug/cmTryCompileExec.build/Script-14DEA1014DEA1014DEA10000.sh

make: `CMakeFiles/cmake.check_cache' is up to date.
CompileC CMAKE_TRY_COMPILE.build/Debug/cmTryCompileExec.build/Objects-normal/i386/CheckTypeSizeC.o CheckTypeSizeC.c normal i386 c com.apple.compilers.gcc.4_2
    cd /Users/jlong/development/personal/cplusplus/gamesyn_api/build/CMakeFiles/CMakeTmp
    /Developer/usr/bin/gcc-4.2 -x c -arch i386 -fmessage-length=0 -pipe -Wno-trigraphs -fpascal-strings -fasm-blocks -O0 -mdynamic-no-pic -DCMAKE_INTDIR="Debug" -gdwarf-2 -Wmost -Wno-four-char-constants -Wno-unknown-pragmas -F/Users/jlong/development/personal/cplusplus/gamesyn_api/build/CMakeFiles/CMakeTmp/Debug -I/Users/jlong/development/personal/cplusplus/gamesyn_api/build/CMakeFiles/CMakeTmp/Debug/include -I/Users/jlong/development/personal/cplusplus/gamesyn_api/build/CMakeFiles/CMakeTmp/CMAKE_TRY_COMPILE.build/Debug/cmTryCompileExec.build/DerivedSources/i386 -I/Users/jlong/development/personal/cplusplus/gamesyn_api/build/CMakeFiles/CMakeTmp/CMAKE_TRY_COMPILE.build/Debug/cmTryCompileExec.build/DerivedSources -DHAVE_SYS_TYPES_H -DHAVE_STDINT_H -DHAVE_STDDEF_H -c /Users/jlong/development/personal/cplusplus/gamesyn_api/build/CMakeFiles/CMakeTmp/CheckTypeSizeC.c -o /Users/jlong/development/personal/cplusplus/gamesyn_api/build/CMakeFiles/CMakeTmp/CMAKE_TRY_COMPILE.build/Debug/cmTryCompileExec.build/Objects-normal/i386/CheckTypeSizeC.o

Ld Debug/cmTryCompileExec normal i386
    cd /Users/jlong/development/personal/cplusplus/gamesyn_api/build/CMakeFiles/CMakeTmp
    /Developer/usr/bin/gcc-4.2 -arch i386 -L/Users/jlong/development/personal/cplusplus/gamesyn_api/build/CMakeFiles/CMakeTmp/Debug -F/Users/jlong/development/personal/cplusplus/gamesyn_api/build/CMakeFiles/CMakeTmp/Debug -filelist /Users/jlong/development/personal/cplusplus/gamesyn_api/build/CMakeFiles/CMakeTmp/CMAKE_TRY_COMPILE.build/Debug/cmTryCompileExec.build/Objects-normal/i386/cmTryCompileExec.LinkFileList -Wl,-search_paths_first -headerpad_max_install_names -o /Users/jlong/development/personal/cplusplus/gamesyn_api/build/CMakeFiles/CMakeTmp/Debug/cmTryCompileExec

PhaseScriptExecution "CMake PostBuild Rules" CMAKE_TRY_COMPILE.build/Debug/cmTryCompileExec.build/Script-14DF23014DF23014DF230000.sh
    cd /Users/jlong/development/personal/cplusplus/gamesyn_api/build/CMakeFiles/CMakeTmp
    /bin/sh -c /Users/jlong/development/personal/cplusplus/gamesyn_api/build/CMakeFiles/CMakeTmp/CMAKE_TRY_COMPILE.build/Debug/cmTryCompileExec.build/Script-14DF23014DF23014DF230000.sh

echo "Depend check for xcode"
Depend check for xcode
cd /Users/jlong/development/personal/cplusplus/gamesyn_api/build/CMakeFiles/CMakeTmp && make -C /Users/jlong/development/personal/cplusplus/gamesyn_api/build/CMakeFiles/CMakeTmp -f /Users/jlong/development/personal/cplusplus/gamesyn_api/build/CMakeFiles/CMakeTmp/CMakeScripts/XCODE_DEPEND_HELPER.make all.Debug
make[1]: Nothing to be done for `all.Debug'.
** BUILD SUCCEEDED **



Determining if the function XOpenDisplay exists in the /usr/X11R6/lib/libX11.dylib;/usr/X11R6/lib/libXext.dylib passed with the following output:
Change Dir: /Users/jlong/development/personal/cplusplus/gamesyn_api/build/CMakeFiles/CMakeTmp

Run Build Command:/Applications/CMake\ 2.6-3.app/Contents/bin/cmakexbuild -project CMAKE_TRY_COMPILE.xcodeproj build -target cmTryCompileExec -configuration Debug

=== BUILD NATIVE TARGET cmTryCompileExec OF PROJECT CMAKE_TRY_COMPILE WITH CONFIGURATION Debug ===
Check dependencies
PhaseScriptExecution "CMake ReRun" CMAKE_TRY_COMPILE.build/Debug/cmTryCompileExec.build/Script-1D82C2001D82C2001D82C200.sh
    cd /Users/jlong/development/personal/cplusplus/gamesyn_api/build/CMakeFiles/CMakeTmp
    /bin/sh -c /Users/jlong/development/personal/cplusplus/gamesyn_api/build/CMakeFiles/CMakeTmp/CMAKE_TRY_COMPILE.build/Debug/cmTryCompileExec.build/Script-1D82C2001D82C2001D82C200.sh

make: `CMakeFiles/cmake.check_cache' is up to date.
CompileC CMAKE_TRY_COMPILE.build/Debug/cmTryCompileExec.build/Objects-normal/i386/CheckFunctionExists.o "/Applications/CMake 2.6-3.app/Contents/share/cmake-2.6/Modules/CheckFunctionExists.c" normal i386 c com.apple.compilers.gcc.4_2
    cd /Users/jlong/development/personal/cplusplus/gamesyn_api/build/CMakeFiles/CMakeTmp
    /Developer/usr/bin/gcc-4.2 -x c -arch i386 -fmessage-length=0 -pipe -Wno-trigraphs -fpascal-strings -fasm-blocks -O0 -mdynamic-no-pic -DCMAKE_INTDIR="Debug" -gdwarf-2 -Wmost -Wno-four-char-constants -Wno-unknown-pragmas -F/Users/jlong/development/personal/cplusplus/gamesyn_api/build/CMakeFiles/CMakeTmp/Debug -I/Users/jlong/development/personal/cplusplus/gamesyn_api/build/CMakeFiles/CMakeTmp/Debug/include -I/Users/jlong/development/personal/cplusplus/gamesyn_api/build/CMakeFiles/CMakeTmp/CMAKE_TRY_COMPILE.build/Debug/cmTryCompileExec.build/DerivedSources/i386 -I/Users/jlong/development/personal/cplusplus/gamesyn_api/build/CMakeFiles/CMakeTmp/CMAKE_TRY_COMPILE.build/Debug/cmTryCompileExec.build/DerivedSources -DCHECK_FUNCTION_EXISTS=XOpenDisplay -c "/Applications/CMake 2.6-3.app/Contents/share/cmake-2.6/Modules/CheckFunctionExists.c" -o /Users/jlong/development/personal/cplusplus/gamesyn_api/build/CMakeFiles/CMakeTmp/CMAKE_TRY_COMPILE.build/Debug/cmTryCompileExec.build/Objects-normal/i386/CheckFunctionExists.o

Ld Debug/cmTryCompileExec normal i386
    cd /Users/jlong/development/personal/cplusplus/gamesyn_api/build/CMakeFiles/CMakeTmp
    /Developer/usr/bin/gcc-4.2 -arch i386 -L/Users/jlong/development/personal/cplusplus/gamesyn_api/build/CMakeFiles/CMakeTmp/Debug -L/usr/X11R6/lib/Debug -L/usr/X11R6/lib -F/Users/jlong/development/personal/cplusplus/gamesyn_api/build/CMakeFiles/CMakeTmp/Debug -filelist /Users/jlong/development/personal/cplusplus/gamesyn_api/build/CMakeFiles/CMakeTmp/CMAKE_TRY_COMPILE.build/Debug/cmTryCompileExec.build/Objects-normal/i386/cmTryCompileExec.LinkFileList -Wl,-search_paths_first -headerpad_max_install_names /usr/X11R6/lib/libX11.dylib /usr/X11R6/lib/libXext.dylib -o /Users/jlong/development/personal/cplusplus/gamesyn_api/build/CMakeFiles/CMakeTmp/Debug/cmTryCompileExec

PhaseScriptExecution "CMake PostBuild Rules" CMAKE_TRY_COMPILE.build/Debug/cmTryCompileExec.build/Script-1D82CA201D82CA201D82CA20.sh
    cd /Users/jlong/development/personal/cplusplus/gamesyn_api/build/CMakeFiles/CMakeTmp
    /bin/sh -c /Users/jlong/development/personal/cplusplus/gamesyn_api/build/CMakeFiles/CMakeTmp/CMAKE_TRY_COMPILE.build/Debug/cmTryCompileExec.build/Script-1D82CA201D82CA201D82CA20.sh

echo "Depend check for xcode"
Depend check for xcode
cd /Users/jlong/development/personal/cplusplus/gamesyn_api/build/CMakeFiles/CMakeTmp && make -C /Users/jlong/development/personal/cplusplus/gamesyn_api/build/CMakeFiles/CMakeTmp -f /Users/jlong/development/personal/cplusplus/gamesyn_api/build/CMakeFiles/CMakeTmp/CMakeScripts/XCODE_DEPEND_HELPER.make all.Debug
make[1]: Nothing to be done for `all.Debug'.
** BUILD SUCCEEDED **



Determining if the function gethostbyname exists passed with the following output:
Change Dir: /Users/jlong/development/personal/cplusplus/gamesyn_api/build/CMakeFiles/CMakeTmp

Run Build Command:/Applications/CMake\ 2.6-3.app/Contents/bin/cmakexbuild -project CMAKE_TRY_COMPILE.xcodeproj build -target cmTryCompileExec -configuration Debug

=== BUILD NATIVE TARGET cmTryCompileExec OF PROJECT CMAKE_TRY_COMPILE WITH CONFIGURATION Debug ===
Check dependencies
PhaseScriptExecution "CMake ReRun" CMAKE_TRY_COMPILE.build/Debug/cmTryCompileExec.build/Script-1D81EB001D81EB001D81EB00.sh
    cd /Users/jlong/development/personal/cplusplus/gamesyn_api/build/CMakeFiles/CMakeTmp
    /bin/sh -c /Users/jlong/development/personal/cplusplus/gamesyn_api/build/CMakeFiles/CMakeTmp/CMAKE_TRY_COMPILE.build/Debug/cmTryCompileExec.build/Script-1D81EB001D81EB001D81EB00.sh

make: `CMakeFiles/cmake.check_cache' is up to date.
CompileC CMAKE_TRY_COMPILE.build/Debug/cmTryCompileExec.build/Objects-normal/i386/CheckFunctionExists.o "/Applications/CMake 2.6-3.app/Contents/share/cmake-2.6/Modules/CheckFunctionExists.c" normal i386 c com.apple.compilers.gcc.4_2
    cd /Users/jlong/development/personal/cplusplus/gamesyn_api/build/CMakeFiles/CMakeTmp
    /Developer/usr/bin/gcc-4.2 -x c -arch i386 -fmessage-length=0 -pipe -Wno-trigraphs -fpascal-strings -fasm-blocks -O0 -mdynamic-no-pic -DCMAKE_INTDIR="Debug" -gdwarf-2 -Wmost -Wno-four-char-constants -Wno-unknown-pragmas -F/Users/jlong/development/personal/cplusplus/gamesyn_api/build/CMakeFiles/CMakeTmp/Debug -I/Users/jlong/development/personal/cplusplus/gamesyn_api/build/CMakeFiles/CMakeTmp/Debug/include -I/Users/jlong/development/personal/cplusplus/gamesyn_api/build/CMakeFiles/CMakeTmp/CMAKE_TRY_COMPILE.build/Debug/cmTryCompileExec.build/DerivedSources/i386 -I/Users/jlong/development/personal/cplusplus/gamesyn_api/build/CMakeFiles/CMakeTmp/CMAKE_TRY_COMPILE.build/Debug/cmTryCompileExec.build/DerivedSources -DCHECK_FUNCTION_EXISTS=gethostbyname -c "/Applications/CMake 2.6-3.app/Contents/share/cmake-2.6/Modules/CheckFunctionExists.c" -o /Users/jlong/development/personal/cplusplus/gamesyn_api/build/CMakeFiles/CMakeTmp/CMAKE_TRY_COMPILE.build/Debug/cmTryCompileExec.build/Objects-normal/i386/CheckFunctionExists.o

Ld Debug/cmTryCompileExec normal i386
    cd /Users/jlong/development/personal/cplusplus/gamesyn_api/build/CMakeFiles/CMakeTmp
    /Developer/usr/bin/gcc-4.2 -arch i386 -L/Users/jlong/development/personal/cplusplus/gamesyn_api/build/CMakeFiles/CMakeTmp/Debug -F/Users/jlong/development/personal/cplusplus/gamesyn_api/build/CMakeFiles/CMakeTmp/Debug -filelist /Users/jlong/development/personal/cplusplus/gamesyn_api/build/CMakeFiles/CMakeTmp/CMAKE_TRY_COMPILE.build/Debug/cmTryCompileExec.build/Objects-normal/i386/cmTryCompileExec.LinkFileList -Wl,-search_paths_first -headerpad_max_install_names -o /Users/jlong/development/personal/cplusplus/gamesyn_api/build/CMakeFiles/CMakeTmp/Debug/cmTryCompileExec

PhaseScriptExecution "CMake PostBuild Rules" CMAKE_TRY_COMPILE.build/Debug/cmTryCompileExec.build/Script-1D7231401D7231401D723140.sh
    cd /Users/jlong/development/personal/cplusplus/gamesyn_api/build/CMakeFiles/CMakeTmp
    /bin/sh -c /Users/jlong/development/personal/cplusplus/gamesyn_api/build/CMakeFiles/CMakeTmp/CMAKE_TRY_COMPILE.build/Debug/cmTryCompileExec.build/Script-1D7231401D7231401D723140.sh

echo "Depend check for xcode"
Depend check for xcode
cd /Users/jlong/development/personal/cplusplus/gamesyn_api/build/CMakeFiles/CMakeTmp && make -C /Users/jlong/development/personal/cplusplus/gamesyn_api/build/CMakeFiles/CMakeTmp -f /Users/jlong/development/personal/cplusplus/gamesyn_api/build/CMakeFiles/CMakeTmp/CMakeScripts/XCODE_DEPEND_HELPER.make all.Debug
make[1]: Nothing to be done for `all.Debug'.
** BUILD SUCCEEDED **



Determining if the function connect exists passed with the following output:
Change Dir: /Users/jlong/development/personal/cplusplus/gamesyn_api/build/CMakeFiles/CMakeTmp

Run Build Command:/Applications/CMake\ 2.6-3.app/Contents/bin/cmakexbuild -project CMAKE_TRY_COMPILE.xcodeproj build -target cmTryCompileExec -configuration Debug

=== BUILD NATIVE TARGET cmTryCompileExec OF PROJECT CMAKE_TRY_COMPILE WITH CONFIGURATION Debug ===
Check dependencies
PhaseScriptExecution "CMake ReRun" CMAKE_TRY_COMPILE.build/Debug/cmTryCompileExec.build/Script-1D74B8301D74B8301D74B830.sh
    cd /Users/jlong/development/personal/cplusplus/gamesyn_api/build/CMakeFiles/CMakeTmp
    /bin/sh -c /Users/jlong/development/personal/cplusplus/gamesyn_api/build/CMakeFiles/CMakeTmp/CMAKE_TRY_COMPILE.build/Debug/cmTryCompileExec.build/Script-1D74B8301D74B8301D74B830.sh

make: `CMakeFiles/cmake.check_cache' is up to date.
CompileC CMAKE_TRY_COMPILE.build/Debug/cmTryCompileExec.build/Objects-normal/i386/CheckFunctionExists.o "/Applications/CMake 2.6-3.app/Contents/share/cmake-2.6/Modules/CheckFunctionExists.c" normal i386 c com.apple.compilers.gcc.4_2
    cd /Users/jlong/development/personal/cplusplus/gamesyn_api/build/CMakeFiles/CMakeTmp
    /Developer/usr/bin/gcc-4.2 -x c -arch i386 -fmessage-length=0 -pipe -Wno-trigraphs -fpascal-strings -fasm-blocks -O0 -mdynamic-no-pic -DCMAKE_INTDIR="Debug" -gdwarf-2 -Wmost -Wno-four-char-constants -Wno-unknown-pragmas -F/Users/jlong/development/personal/cplusplus/gamesyn_api/build/CMakeFiles/CMakeTmp/Debug -I/Users/jlong/development/personal/cplusplus/gamesyn_api/build/CMakeFiles/CMakeTmp/Debug/include -I/Users/jlong/development/personal/cplusplus/gamesyn_api/build/CMakeFiles/CMakeTmp/CMAKE_TRY_COMPILE.build/Debug/cmTryCompileExec.build/DerivedSources/i386 -I/Users/jlong/development/personal/cplusplus/gamesyn_api/build/CMakeFiles/CMakeTmp/CMAKE_TRY_COMPILE.build/Debug/cmTryCompileExec.build/DerivedSources -DCHECK_FUNCTION_EXISTS=connect -c "/Applications/CMake 2.6-3.app/Contents/share/cmake-2.6/Modules/CheckFunctionExists.c" -o /Users/jlong/development/personal/cplusplus/gamesyn_api/build/CMakeFiles/CMakeTmp/CMAKE_TRY_COMPILE.build/Debug/cmTryCompileExec.build/Objects-normal/i386/CheckFunctionExists.o

Ld Debug/cmTryCompileExec normal i386
    cd /Users/jlong/development/personal/cplusplus/gamesyn_api/build/CMakeFiles/CMakeTmp
    /Developer/usr/bin/gcc-4.2 -arch i386 -L/Users/jlong/development/personal/cplusplus/gamesyn_api/build/CMakeFiles/CMakeTmp/Debug -F/Users/jlong/development/personal/cplusplus/gamesyn_api/build/CMakeFiles/CMakeTmp/Debug -filelist /Users/jlong/development/personal/cplusplus/gamesyn_api/build/CMakeFiles/CMakeTmp/CMAKE_TRY_COMPILE.build/Debug/cmTryCompileExec.build/Objects-normal/i386/cmTryCompileExec.LinkFileList -Wl,-search_paths_first -headerpad_max_install_names -o /Users/jlong/development/personal/cplusplus/gamesyn_api/build/CMakeFiles/CMakeTmp/Debug/cmTryCompileExec

PhaseScriptExecution "CMake PostBuild Rules" CMAKE_TRY_COMPILE.build/Debug/cmTryCompileExec.build/Script-1D74C0501D74C0501D74C050.sh
    cd /Users/jlong/development/personal/cplusplus/gamesyn_api/build/CMakeFiles/CMakeTmp
    /bin/sh -c /Users/jlong/development/personal/cplusplus/gamesyn_api/build/CMakeFiles/CMakeTmp/CMAKE_TRY_COMPILE.build/Debug/cmTryCompileExec.build/Script-1D74C0501D74C0501D74C050.sh

echo "Depend check for xcode"
Depend check for xcode
cd /Users/jlong/development/personal/cplusplus/gamesyn_api/build/CMakeFiles/CMakeTmp && make -C /Users/jlong/development/personal/cplusplus/gamesyn_api/build/CMakeFiles/CMakeTmp -f /Users/jlong/development/personal/cplusplus/gamesyn_api/build/CMakeFiles/CMakeTmp/CMakeScripts/XCODE_DEPEND_HELPER.make all.Debug
make[1]: Nothing to be done for `all.Debug'.
** BUILD SUCCEEDED **



Determining if the function remove exists passed with the following output:
Change Dir: /Users/jlong/development/personal/cplusplus/gamesyn_api/build/CMakeFiles/CMakeTmp

Run Build Command:/Applications/CMake\ 2.6-3.app/Contents/bin/cmakexbuild -project CMAKE_TRY_COMPILE.xcodeproj build -target cmTryCompileExec -configuration Debug

=== BUILD NATIVE TARGET cmTryCompileExec OF PROJECT CMAKE_TRY_COMPILE WITH CONFIGURATION Debug ===
Check dependencies
PhaseScriptExecution "CMake ReRun" CMAKE_TRY_COMPILE.build/Debug/cmTryCompileExec.build/Script-1D740DF01D740DF01D740DF0.sh
    cd /Users/jlong/development/personal/cplusplus/gamesyn_api/build/CMakeFiles/CMakeTmp
    /bin/sh -c /Users/jlong/development/personal/cplusplus/gamesyn_api/build/CMakeFiles/CMakeTmp/CMAKE_TRY_COMPILE.build/Debug/cmTryCompileExec.build/Script-1D740DF01D740DF01D740DF0.sh

make: `CMakeFiles/cmake.check_cache' is up to date.
CompileC CMAKE_TRY_COMPILE.build/Debug/cmTryCompileExec.build/Objects-normal/i386/CheckFunctionExists.o "/Applications/CMake 2.6-3.app/Contents/share/cmake-2.6/Modules/CheckFunctionExists.c" normal i386 c com.apple.compilers.gcc.4_2
    cd /Users/jlong/development/personal/cplusplus/gamesyn_api/build/CMakeFiles/CMakeTmp
    /Developer/usr/bin/gcc-4.2 -x c -arch i386 -fmessage-length=0 -pipe -Wno-trigraphs -fpascal-strings -fasm-blocks -O0 -mdynamic-no-pic -DCMAKE_INTDIR="Debug" -gdwarf-2 -Wmost -Wno-four-char-constants -Wno-unknown-pragmas -F/Users/jlong/development/personal/cplusplus/gamesyn_api/build/CMakeFiles/CMakeTmp/Debug -I/Users/jlong/development/personal/cplusplus/gamesyn_api/build/CMakeFiles/CMakeTmp/Debug/include -I/Users/jlong/development/personal/cplusplus/gamesyn_api/build/CMakeFiles/CMakeTmp/CMAKE_TRY_COMPILE.build/Debug/cmTryCompileExec.build/DerivedSources/i386 -I/Users/jlong/development/personal/cplusplus/gamesyn_api/build/CMakeFiles/CMakeTmp/CMAKE_TRY_COMPILE.build/Debug/cmTryCompileExec.build/DerivedSources -DCHECK_FUNCTION_EXISTS=remove -c "/Applications/CMake 2.6-3.app/Contents/share/cmake-2.6/Modules/CheckFunctionExists.c" -o /Users/jlong/development/personal/cplusplus/gamesyn_api/build/CMakeFiles/CMakeTmp/CMAKE_TRY_COMPILE.build/Debug/cmTryCompileExec.build/Objects-normal/i386/CheckFunctionExists.o

Ld Debug/cmTryCompileExec normal i386
    cd /Users/jlong/development/personal/cplusplus/gamesyn_api/build/CMakeFiles/CMakeTmp
    /Developer/usr/bin/gcc-4.2 -arch i386 -L/Users/jlong/development/personal/cplusplus/gamesyn_api/build/CMakeFiles/CMakeTmp/Debug -F/Users/jlong/development/personal/cplusplus/gamesyn_api/build/CMakeFiles/CMakeTmp/Debug -filelist /Users/jlong/development/personal/cplusplus/gamesyn_api/build/CMakeFiles/CMakeTmp/CMAKE_TRY_COMPILE.build/Debug/cmTryCompileExec.build/Objects-normal/i386/cmTryCompileExec.LinkFileList -Wl,-search_paths_first -headerpad_max_install_names -o /Users/jlong/development/personal/cplusplus/gamesyn_api/build/CMakeFiles/CMakeTmp/Debug/cmTryCompileExec

PhaseScriptExecution "CMake PostBuild Rules" CMAKE_TRY_COMPILE.build/Debug/cmTryCompileExec.build/Script-1D7415E01D7415E01D7415E0.sh
    cd /Users/jlong/development/personal/cplusplus/gamesyn_api/build/CMakeFiles/CMakeTmp
    /bin/sh -c /Users/jlong/development/personal/cplusplus/gamesyn_api/build/CMakeFiles/CMakeTmp/CMAKE_TRY_COMPILE.build/Debug/cmTryCompileExec.build/Script-1D7415E01D7415E01D7415E0.sh

echo "Depend check for xcode"
Depend check for xcode
cd /Users/jlong/development/personal/cplusplus/gamesyn_api/build/CMakeFiles/CMakeTmp && make -C /Users/jlong/development/personal/cplusplus/gamesyn_api/build/CMakeFiles/CMakeTmp -f /Users/jlong/development/personal/cplusplus/gamesyn_api/build/CMakeFiles/CMakeTmp/CMakeScripts/XCODE_DEPEND_HELPER.make all.Debug
make[1]: Nothing to be done for `all.Debug'.
** BUILD SUCCEEDED **



Determining if the function shmat exists passed with the following output:
Change Dir: /Users/jlong/development/personal/cplusplus/gamesyn_api/build/CMakeFiles/CMakeTmp

Run Build Command:/Applications/CMake\ 2.6-3.app/Contents/bin/cmakexbuild -project CMAKE_TRY_COMPILE.xcodeproj build -target cmTryCompileExec -configuration Debug

=== BUILD NATIVE TARGET cmTryCompileExec OF PROJECT CMAKE_TRY_COMPILE WITH CONFIGURATION Debug ===
Check dependencies
PhaseScriptExecution "CMake ReRun" CMAKE_TRY_COMPILE.build/Debug/cmTryCompileExec.build/Script-1D81AC801D81AC801D81AC80.sh
    cd /Users/jlong/development/personal/cplusplus/gamesyn_api/build/CMakeFiles/CMakeTmp
    /bin/sh -c /Users/jlong/development/personal/cplusplus/gamesyn_api/build/CMakeFiles/CMakeTmp/CMAKE_TRY_COMPILE.build/Debug/cmTryCompileExec.build/Script-1D81AC801D81AC801D81AC80.sh

make: `CMakeFiles/cmake.check_cache' is up to date.
CompileC CMAKE_TRY_COMPILE.build/Debug/cmTryCompileExec.build/Objects-normal/i386/CheckFunctionExists.o "/Applications/CMake 2.6-3.app/Contents/share/cmake-2.6/Modules/CheckFunctionExists.c" normal i386 c com.apple.compilers.gcc.4_2
    cd /Users/jlong/development/personal/cplusplus/gamesyn_api/build/CMakeFiles/CMakeTmp
    /Developer/usr/bin/gcc-4.2 -x c -arch i386 -fmessage-length=0 -pipe -Wno-trigraphs -fpascal-strings -fasm-blocks -O0 -mdynamic-no-pic -DCMAKE_INTDIR="Debug" -gdwarf-2 -Wmost -Wno-four-char-constants -Wno-unknown-pragmas -F/Users/jlong/development/personal/cplusplus/gamesyn_api/build/CMakeFiles/CMakeTmp/Debug -I/Users/jlong/development/personal/cplusplus/gamesyn_api/build/CMakeFiles/CMakeTmp/Debug/include -I/Users/jlong/development/personal/cplusplus/gamesyn_api/build/CMakeFiles/CMakeTmp/CMAKE_TRY_COMPILE.build/Debug/cmTryCompileExec.build/DerivedSources/i386 -I/Users/jlong/development/personal/cplusplus/gamesyn_api/build/CMakeFiles/CMakeTmp/CMAKE_TRY_COMPILE.build/Debug/cmTryCompileExec.build/DerivedSources -DCHECK_FUNCTION_EXISTS=shmat -c "/Applications/CMake 2.6-3.app/Contents/share/cmake-2.6/Modules/CheckFunctionExists.c" -o /Users/jlong/development/personal/cplusplus/gamesyn_api/build/CMakeFiles/CMakeTmp/CMAKE_TRY_COMPILE.build/Debug/cmTryCompileExec.build/Objects-normal/i386/CheckFunctionExists.o

Ld Debug/cmTryCompileExec normal i386
    cd /Users/jlong/development/personal/cplusplus/gamesyn_api/build/CMakeFiles/CMakeTmp
    /Developer/usr/bin/gcc-4.2 -arch i386 -L/Users/jlong/development/personal/cplusplus/gamesyn_api/build/CMakeFiles/CMakeTmp/Debug -F/Users/jlong/development/personal/cplusplus/gamesyn_api/build/CMakeFiles/CMakeTmp/Debug -filelist /Users/jlong/development/personal/cplusplus/gamesyn_api/build/CMakeFiles/CMakeTmp/CMAKE_TRY_COMPILE.build/Debug/cmTryCompileExec.build/Objects-normal/i386/cmTryCompileExec.LinkFileList -Wl,-search_paths_first -headerpad_max_install_names -o /Users/jlong/development/personal/cplusplus/gamesyn_api/build/CMakeFiles/CMakeTmp/Debug/cmTryCompileExec

PhaseScriptExecution "CMake PostBuild Rules" CMAKE_TRY_COMPILE.build/Debug/cmTryCompileExec.build/Script-1D81B3001D81B3001D81B300.sh
    cd /Users/jlong/development/personal/cplusplus/gamesyn_api/build/CMakeFiles/CMakeTmp
    /bin/sh -c /Users/jlong/development/personal/cplusplus/gamesyn_api/build/CMakeFiles/CMakeTmp/CMAKE_TRY_COMPILE.build/Debug/cmTryCompileExec.build/Script-1D81B3001D81B3001D81B300.sh

echo "Depend check for xcode"
Depend check for xcode
cd /Users/jlong/development/personal/cplusplus/gamesyn_api/build/CMakeFiles/CMakeTmp && make -C /Users/jlong/development/personal/cplusplus/gamesyn_api/build/CMakeFiles/CMakeTmp -f /Users/jlong/development/personal/cplusplus/gamesyn_api/build/CMakeFiles/CMakeTmp/CMakeScripts/XCODE_DEPEND_HELPER.make all.Debug
make[1]: Nothing to be done for `all.Debug'.
** BUILD SUCCEEDED **



Determining if the function IceConnectionNumber exists in the ICE passed with the following output:
Change Dir: /Users/jlong/development/personal/cplusplus/gamesyn_api/build/CMakeFiles/CMakeTmp

Run Build Command:/Applications/CMake\ 2.6-3.app/Contents/bin/cmakexbuild -project CMAKE_TRY_COMPILE.xcodeproj build -target cmTryCompileExec -configuration Debug

=== BUILD NATIVE TARGET cmTryCompileExec OF PROJECT CMAKE_TRY_COMPILE WITH CONFIGURATION Debug ===
Check dependencies
PhaseScriptExecution "CMake ReRun" CMAKE_TRY_COMPILE.build/Debug/cmTryCompileExec.build/Script-1D818B001D818B001D818B00.sh
    cd /Users/jlong/development/personal/cplusplus/gamesyn_api/build/CMakeFiles/CMakeTmp
    /bin/sh -c /Users/jlong/development/personal/cplusplus/gamesyn_api/build/CMakeFiles/CMakeTmp/CMAKE_TRY_COMPILE.build/Debug/cmTryCompileExec.build/Script-1D818B001D818B001D818B00.sh

make: `CMakeFiles/cmake.check_cache' is up to date.
CompileC CMAKE_TRY_COMPILE.build/Debug/cmTryCompileExec.build/Objects-normal/i386/CheckFunctionExists.o "/Applications/CMake 2.6-3.app/Contents/share/cmake-2.6/Modules/CheckFunctionExists.c" normal i386 c com.apple.compilers.gcc.4_2
    cd /Users/jlong/development/personal/cplusplus/gamesyn_api/build/CMakeFiles/CMakeTmp
    /Developer/usr/bin/gcc-4.2 -x c -arch i386 -fmessage-length=0 -pipe -Wno-trigraphs -fpascal-strings -fasm-blocks -O0 -mdynamic-no-pic -DCMAKE_INTDIR="Debug" -gdwarf-2 -Wmost -Wno-four-char-constants -Wno-unknown-pragmas -F/Users/jlong/development/personal/cplusplus/gamesyn_api/build/CMakeFiles/CMakeTmp/Debug -I/Users/jlong/development/personal/cplusplus/gamesyn_api/build/CMakeFiles/CMakeTmp/Debug/include -I/Users/jlong/development/personal/cplusplus/gamesyn_api/build/CMakeFiles/CMakeTmp/CMAKE_TRY_COMPILE.build/Debug/cmTryCompileExec.build/DerivedSources/i386 -I/Users/jlong/development/personal/cplusplus/gamesyn_api/build/CMakeFiles/CMakeTmp/CMAKE_TRY_COMPILE.build/Debug/cmTryCompileExec.build/DerivedSources -DCHECK_FUNCTION_EXISTS=IceConnectionNumber -c "/Applications/CMake 2.6-3.app/Contents/share/cmake-2.6/Modules/CheckFunctionExists.c" -o /Users/jlong/development/personal/cplusplus/gamesyn_api/build/CMakeFiles/CMakeTmp/CMAKE_TRY_COMPILE.build/Debug/cmTryCompileExec.build/Objects-normal/i386/CheckFunctionExists.o

Ld Debug/cmTryCompileExec normal i386
    cd /Users/jlong/development/personal/cplusplus/gamesyn_api/build/CMakeFiles/CMakeTmp
    /Developer/usr/bin/gcc-4.2 -arch i386 -L/Users/jlong/development/personal/cplusplus/gamesyn_api/build/CMakeFiles/CMakeTmp/Debug -L/usr/X11R6/lib/Debug -L/usr/X11R6/lib -F/Users/jlong/development/personal/cplusplus/gamesyn_api/build/CMakeFiles/CMakeTmp/Debug -filelist /Users/jlong/development/personal/cplusplus/gamesyn_api/build/CMakeFiles/CMakeTmp/CMAKE_TRY_COMPILE.build/Debug/cmTryCompileExec.build/Objects-normal/i386/cmTryCompileExec.LinkFileList -Wl,-search_paths_first -headerpad_max_install_names -lICE -o /Users/jlong/development/personal/cplusplus/gamesyn_api/build/CMakeFiles/CMakeTmp/Debug/cmTryCompileExec

PhaseScriptExecution "CMake PostBuild Rules" CMAKE_TRY_COMPILE.build/Debug/cmTryCompileExec.build/Script-1D81CCC01D81CCC01D81CCC0.sh
    cd /Users/jlong/development/personal/cplusplus/gamesyn_api/build/CMakeFiles/CMakeTmp
    /bin/sh -c /Users/jlong/development/personal/cplusplus/gamesyn_api/build/CMakeFiles/CMakeTmp/CMAKE_TRY_COMPILE.build/Debug/cmTryCompileExec.build/Script-1D81CCC01D81CCC01D81CCC0.sh

echo "Depend check for xcode"
Depend check for xcode
cd /Users/jlong/development/personal/cplusplus/gamesyn_api/build/CMakeFiles/CMakeTmp && make -C /Users/jlong/development/personal/cplusplus/gamesyn_api/build/CMakeFiles/CMakeTmp -f /Users/jlong/development/personal/cplusplus/gamesyn_api/build/CMakeFiles/CMakeTmp/CMakeScripts/XCODE_DEPEND_HELPER.make all.Debug
make[1]: Nothing to be done for `all.Debug'.
** BUILD SUCCEEDED **



Performing C++ SOURCE FILE Test Strophe_GCC_VISIBILITY succeded with the following output:
Change Dir: /Users/jlong/development/personal/cplusplus/gamesyn_api/build/CMakeFiles/CMakeTmp

Run Build Command:/Applications/CMake\ 2.6-3.app/Contents/bin/cmakexbuild -project CMAKE_TRY_COMPILE.xcodeproj build -target cmTryCompileExec -configuration Debug

=== BUILD NATIVE TARGET cmTryCompileExec OF PROJECT CMAKE_TRY_COMPILE WITH CONFIGURATION Debug ===
Check dependencies
PhaseScriptExecution "CMake ReRun" CMAKE_TRY_COMPILE.build/Debug/cmTryCompileExec.build/Script-1D838F301D838F301D838F30.sh
    cd /Users/jlong/development/personal/cplusplus/gamesyn_api/build/CMakeFiles/CMakeTmp
    /bin/sh -c /Users/jlong/development/personal/cplusplus/gamesyn_api/build/CMakeFiles/CMakeTmp/CMAKE_TRY_COMPILE.build/Debug/cmTryCompileExec.build/Script-1D838F301D838F301D838F30.sh

make: `CMakeFiles/cmake.check_cache' is up to date.
CompileC CMAKE_TRY_COMPILE.build/Debug/cmTryCompileExec.build/Objects-normal/i386/src.o src.cxx normal i386 c++ com.apple.compilers.gcc.4_2
    cd /Users/jlong/development/personal/cplusplus/gamesyn_api/build/CMakeFiles/CMakeTmp
    /Developer/usr/bin/gcc-4.2 -x c++ -arch i386 -fmessage-length=0 -pipe -Wno-trigraphs -fpascal-strings -fasm-blocks -O0 -mdynamic-no-pic -DCMAKE_INTDIR="Debug" -gdwarf-2 -Wmost -Wno-four-char-constants -Wno-unknown-pragmas -F/Users/jlong/development/personal/cplusplus/gamesyn_api/build/CMakeFiles/CMakeTmp/Debug -I/Users/jlong/development/personal/cplusplus/gamesyn_api/build/CMakeFiles/CMakeTmp/Debug/include -I/Users/jlong/development/personal/cplusplus/gamesyn_api/build/CMakeFiles/CMakeTmp/CMAKE_TRY_COMPILE.build/Debug/cmTryCompileExec.build/DerivedSources/i386 -I/Users/jlong/development/personal/cplusplus/gamesyn_api/build/CMakeFiles/CMakeTmp/CMAKE_TRY_COMPILE.build/Debug/cmTryCompileExec.build/DerivedSources -DStrophe_GCC_VISIBILITY -fvisibility=hidden -c /Users/jlong/development/personal/cplusplus/gamesyn_api/build/CMakeFiles/CMakeTmp/src.cxx -o /Users/jlong/development/personal/cplusplus/gamesyn_api/build/CMakeFiles/CMakeTmp/CMAKE_TRY_COMPILE.build/Debug/cmTryCompileExec.build/Objects-normal/i386/src.o

Ld Debug/cmTryCompileExec normal i386
    cd /Users/jlong/development/personal/cplusplus/gamesyn_api/build/CMakeFiles/CMakeTmp
    /Developer/usr/bin/g++-4.2 -arch i386 -L/Users/jlong/development/personal/cplusplus/gamesyn_api/build/CMakeFiles/CMakeTmp/Debug -F/Users/jlong/development/personal/cplusplus/gamesyn_api/build/CMakeFiles/CMakeTmp/Debug -filelist /Users/jlong/development/personal/cplusplus/gamesyn_api/build/CMakeFiles/CMakeTmp/CMAKE_TRY_COMPILE.build/Debug/cmTryCompileExec.build/Objects-normal/i386/cmTryCompileExec.LinkFileList -Wl,-search_paths_first -headerpad_max_install_names -o /Users/jlong/development/personal/cplusplus/gamesyn_api/build/CMakeFiles/CMakeTmp/Debug/cmTryCompileExec

PhaseScriptExecution "CMake PostBuild Rules" CMAKE_TRY_COMPILE.build/Debug/cmTryCompileExec.build/Script-1D8397D01D8397D01D8397D0.sh
    cd /Users/jlong/development/personal/cplusplus/gamesyn_api/build/CMakeFiles/CMakeTmp
    /bin/sh -c /Users/jlong/development/personal/cplusplus/gamesyn_api/build/CMakeFiles/CMakeTmp/CMAKE_TRY_COMPILE.build/Debug/cmTryCompileExec.build/Script-1D8397D01D8397D01D8397D0.sh

echo "Depend check for xcode"
Depend check for xcode
cd /Users/jlong/development/personal/cplusplus/gamesyn_api/build/CMakeFiles/CMakeTmp && make -C /Users/jlong/development/personal/cplusplus/gamesyn_api/build/CMakeFiles/CMakeTmp -f /Users/jlong/development/personal/cplusplus/gamesyn_api/build/CMakeFiles/CMakeTmp/CMakeScripts/XCODE_DEPEND_HELPER.make all.Debug
make[1]: Nothing to be done for `all.Debug'.
** BUILD SUCCEEDED **


Source file was:
int main() { return 0;}
