Determining if the system is big endian passed with the following output:
Change Dir: /Users/jlong/development/personal/cplusplus/gamesyn_api/build/CMakeFiles/CMakeTmp

Run Build Command:/Applications/CMake\ 2.6-3.app/Contents/bin/cmakexbuild -project CMAKE_TRY_COMPILE.xcodeproj build -target cmTryCompileExec -configuration Debug

=== BUILD NATIVE TARGET cmTryCompileExec OF PROJECT CMAKE_TRY_COMPILE WITH CONFIGURATION Debug ===
Check dependencies
PhaseScriptExecution "CMake ReRun" CMAKE_TRY_COMPILE.build/Debug/cmTryCompileExec.build/Script-12AD31012AD31012AD310000.sh
    cd /Users/jlong/development/personal/cplusplus/gamesyn_api/build/CMakeFiles/CMakeTmp
    /bin/sh -c /Users/jlong/development/personal/cplusplus/gamesyn_api/build/CMakeFiles/CMakeTmp/CMAKE_TRY_COMPILE.build/Debug/cmTryCompileExec.build/Script-12AD31012AD31012AD310000.sh

make: `CMakeFiles/cmake.check_cache' is up to date.
CompileC CMAKE_TRY_COMPILE.build/Debug/cmTryCompileExec.build/Objects-normal/i386/TestEndianess.o TestEndianess.c normal i386 c com.apple.compilers.gcc.4_2
    cd /Users/jlong/development/personal/cplusplus/gamesyn_api/build/CMakeFiles/CMakeTmp
    /Developer/usr/bin/gcc-4.2 -x c -arch i386 -fmessage-length=0 -pipe -Wno-trigraphs -fpascal-strings -fasm-blocks -O0 -mdynamic-no-pic -DCMAKE_INTDIR="Debug" -gdwarf-2 -Wmost -Wno-four-char-constants -Wno-unknown-pragmas -F/Users/jlong/development/personal/cplusplus/gamesyn_api/build/CMakeFiles/CMakeTmp/Debug -I/Users/jlong/development/personal/cplusplus/gamesyn_api/build/CMakeFiles/CMakeTmp/Debug/include -I/Users/jlong/development/personal/cplusplus/gamesyn_api/build/CMakeFiles/CMakeTmp/CMAKE_TRY_COMPILE.build/Debug/cmTryCompileExec.build/DerivedSources/i386 -I/Users/jlong/development/personal/cplusplus/gamesyn_api/build/CMakeFiles/CMakeTmp/CMAKE_TRY_COMPILE.build/Debug/cmTryCompileExec.build/DerivedSources -c /Users/jlong/development/personal/cplusplus/gamesyn_api/build/CMakeFiles/CMakeTmp/TestEndianess.c -o /Users/jlong/development/personal/cplusplus/gamesyn_api/build/CMakeFiles/CMakeTmp/CMAKE_TRY_COMPILE.build/Debug/cmTryCompileExec.build/Objects-normal/i386/TestEndianess.o

Ld Debug/cmTryCompileExec normal i386
    cd /Users/jlong/development/personal/cplusplus/gamesyn_api/build/CMakeFiles/CMakeTmp
    /Developer/usr/bin/gcc-4.2 -arch i386 -L/Users/jlong/development/personal/cplusplus/gamesyn_api/build/CMakeFiles/CMakeTmp/Debug -F/Users/jlong/development/personal/cplusplus/gamesyn_api/build/CMakeFiles/CMakeTmp/Debug -filelist /Users/jlong/development/personal/cplusplus/gamesyn_api/build/CMakeFiles/CMakeTmp/CMAKE_TRY_COMPILE.build/Debug/cmTryCompileExec.build/Objects-normal/i386/cmTryCompileExec.LinkFileList -Wl,-search_paths_first -headerpad_max_install_names -o /Users/jlong/development/personal/cplusplus/gamesyn_api/build/CMakeFiles/CMakeTmp/Debug/cmTryCompileExec

PhaseScriptExecution "CMake PostBuild Rules" CMAKE_TRY_COMPILE.build/Debug/cmTryCompileExec.build/Script-12A97E012A97E012A97E0000.sh
    cd /Users/jlong/development/personal/cplusplus/gamesyn_api/build/CMakeFiles/CMakeTmp
    /bin/sh -c /Users/jlong/development/personal/cplusplus/gamesyn_api/build/CMakeFiles/CMakeTmp/CMAKE_TRY_COMPILE.build/Debug/cmTryCompileExec.build/Script-12A97E012A97E012A97E0000.sh

echo "Depend check for xcode"
Depend check for xcode
cd /Users/jlong/development/personal/cplusplus/gamesyn_api/build/CMakeFiles/CMakeTmp && make -C /Users/jlong/development/personal/cplusplus/gamesyn_api/build/CMakeFiles/CMakeTmp -f /Users/jlong/development/personal/cplusplus/gamesyn_api/build/CMakeFiles/CMakeTmp/CMakeScripts/XCODE_DEPEND_HELPER.make all.Debug
make[1]: Nothing to be done for `all.Debug'.
** BUILD SUCCEEDED **


TestEndianess.c:
/* A 16 bit integer is required. */
typedef unsigned short cmakeint16;

/* On a little endian machine, these 16bit ints will give "THIS IS LITTLE ENDIAN."
   On a big endian machine the characters will be exchanged pairwise. */
const cmakeint16 info_little[] =  {0x4854, 0x5349, 0x4920, 0x2053, 0x494c, 0x5454, 0x454c, 0x4520, 0x444e, 0x4149, 0x2e4e, 0x0000};

/* on a big endian machine, these 16bit ints will give "THIS IS BIG ENDIAN."
   On a little endian machine the characters will be exchanged pairwise. */
const cmakeint16 info_big[] =     {0x5448, 0x4953, 0x2049, 0x5320, 0x4249, 0x4720, 0x454e, 0x4449, 0x414e, 0x2e2e, 0x0000};

#ifdef __CLASSIC_C__
int main(argc, argv) int argc; char *argv[];
#else
int main(int argc, char *argv[])
#endif
{
  int require = 0;
  require += info_little[argc];
  require += info_big[argc];
  (void)argv;
  return require;
}


Determining if the system is big endian passed with the following output:
Change Dir: /Users/jlong/development/personal/cplusplus/gamesyn_api/build/CMakeFiles/CMakeTmp

Run Build Command:/Applications/CMake\ 2.6-3.app/Contents/bin/cmakexbuild -project CMAKE_TRY_COMPILE.xcodeproj build -target cmTryCompileExec -configuration Debug

=== BUILD NATIVE TARGET cmTryCompileExec OF PROJECT CMAKE_TRY_COMPILE WITH CONFIGURATION Debug ===
Check dependencies
PhaseScriptExecution "CMake ReRun" CMAKE_TRY_COMPILE.build/Debug/cmTryCompileExec.build/Script-1D847A101D847A101D847A10.sh
    cd /Users/jlong/development/personal/cplusplus/gamesyn_api/build/CMakeFiles/CMakeTmp
    /bin/sh -c /Users/jlong/development/personal/cplusplus/gamesyn_api/build/CMakeFiles/CMakeTmp/CMAKE_TRY_COMPILE.build/Debug/cmTryCompileExec.build/Script-1D847A101D847A101D847A10.sh

make: `CMakeFiles/cmake.check_cache' is up to date.
CompileC CMAKE_TRY_COMPILE.build/Debug/cmTryCompileExec.build/Objects-normal/i386/TestEndianess.o TestEndianess.c normal i386 c com.apple.compilers.gcc.4_2
    cd /Users/jlong/development/personal/cplusplus/gamesyn_api/build/CMakeFiles/CMakeTmp
    /Developer/usr/bin/gcc-4.2 -x c -arch i386 -fmessage-length=0 -pipe -Wno-trigraphs -fpascal-strings -fasm-blocks -O0 -mdynamic-no-pic -DCMAKE_INTDIR="Debug" -gdwarf-2 -Wmost -Wno-four-char-constants -Wno-unknown-pragmas -F/Users/jlong/development/personal/cplusplus/gamesyn_api/build/CMakeFiles/CMakeTmp/Debug -I/Users/jlong/development/personal/cplusplus/gamesyn_api/build/CMakeFiles/CMakeTmp/Debug/include -I/Users/jlong/development/personal/cplusplus/gamesyn_api/build/CMakeFiles/CMakeTmp/CMAKE_TRY_COMPILE.build/Debug/cmTryCompileExec.build/DerivedSources/i386 -I/Users/jlong/development/personal/cplusplus/gamesyn_api/build/CMakeFiles/CMakeTmp/CMAKE_TRY_COMPILE.build/Debug/cmTryCompileExec.build/DerivedSources -c /Users/jlong/development/personal/cplusplus/gamesyn_api/build/CMakeFiles/CMakeTmp/TestEndianess.c -o /Users/jlong/development/personal/cplusplus/gamesyn_api/build/CMakeFiles/CMakeTmp/CMAKE_TRY_COMPILE.build/Debug/cmTryCompileExec.build/Objects-normal/i386/TestEndianess.o

Ld Debug/cmTryCompileExec normal i386
    cd /Users/jlong/development/personal/cplusplus/gamesyn_api/build/CMakeFiles/CMakeTmp
    /Developer/usr/bin/gcc-4.2 -arch i386 -L/Users/jlong/development/personal/cplusplus/gamesyn_api/build/CMakeFiles/CMakeTmp/Debug -F/Users/jlong/development/personal/cplusplus/gamesyn_api/build/CMakeFiles/CMakeTmp/Debug -filelist /Users/jlong/development/personal/cplusplus/gamesyn_api/build/CMakeFiles/CMakeTmp/CMAKE_TRY_COMPILE.build/Debug/cmTryCompileExec.build/Objects-normal/i386/cmTryCompileExec.LinkFileList -Wl,-search_paths_first -headerpad_max_install_names -o /Users/jlong/development/personal/cplusplus/gamesyn_api/build/CMakeFiles/CMakeTmp/Debug/cmTryCompileExec

PhaseScriptExecution "CMake PostBuild Rules" CMAKE_TRY_COMPILE.build/Debug/cmTryCompileExec.build/Script-1D8482301D8482301D848230.sh
    cd /Users/jlong/development/personal/cplusplus/gamesyn_api/build/CMakeFiles/CMakeTmp
    /bin/sh -c /Users/jlong/development/personal/cplusplus/gamesyn_api/build/CMakeFiles/CMakeTmp/CMAKE_TRY_COMPILE.build/Debug/cmTryCompileExec.build/Script-1D8482301D8482301D848230.sh

echo "Depend check for xcode"
Depend check for xcode
cd /Users/jlong/development/personal/cplusplus/gamesyn_api/build/CMakeFiles/CMakeTmp && make -C /Users/jlong/development/personal/cplusplus/gamesyn_api/build/CMakeFiles/CMakeTmp -f /Users/jlong/development/personal/cplusplus/gamesyn_api/build/CMakeFiles/CMakeTmp/CMakeScripts/XCODE_DEPEND_HELPER.make all.Debug
make[1]: Nothing to be done for `all.Debug'.
** BUILD SUCCEEDED **


TestEndianess.c:
/* A 16 bit integer is required. */
typedef unsigned short cmakeint16;

/* On a little endian machine, these 16bit ints will give "THIS IS LITTLE ENDIAN."
   On a big endian machine the characters will be exchanged pairwise. */
const cmakeint16 info_little[] =  {0x4854, 0x5349, 0x4920, 0x2053, 0x494c, 0x5454, 0x454c, 0x4520, 0x444e, 0x4149, 0x2e4e, 0x0000};

/* on a big endian machine, these 16bit ints will give "THIS IS BIG ENDIAN."
   On a little endian machine the characters will be exchanged pairwise. */
const cmakeint16 info_big[] =     {0x5448, 0x4953, 0x2049, 0x5320, 0x4249, 0x4720, 0x454e, 0x4449, 0x414e, 0x2e2e, 0x0000};

#ifdef __CLASSIC_C__
int main(argc, argv) int argc; char *argv[];
#else
int main(int argc, char *argv[])
#endif
{
  int require = 0;
  require += info_little[argc];
  require += info_big[argc];
  (void)argv;
  return require;
}


